<?xml version="1.0" encoding="UTF-8"?>
<testsuite name="com.hanghae99.cloneproject5.Cloneproject5ApplicationTests" tests="1" skipped="0" failures="0" errors="0" timestamp="2022-06-21T08:26:14" hostname="DESKTOP-BL5AC5E" time="0.061">
  <properties/>
  <testcase name="contextLoads()" classname="com.hanghae99.cloneproject5.Cloneproject5ApplicationTests" time="0.061"/>
  <system-out><![CDATA[17:26:10.855 [Test worker] DEBUG org.springframework.test.context.BootstrapUtils - Instantiating CacheAwareContextLoaderDelegate from class [org.springframework.test.context.cache.DefaultCacheAwareContextLoaderDelegate]
17:26:10.864 [Test worker] DEBUG org.springframework.test.context.BootstrapUtils - Instantiating BootstrapContext using constructor [public org.springframework.test.context.support.DefaultBootstrapContext(java.lang.Class,org.springframework.test.context.CacheAwareContextLoaderDelegate)]
17:26:10.889 [Test worker] DEBUG org.springframework.test.context.BootstrapUtils - Instantiating TestContextBootstrapper for test class [com.hanghae99.cloneproject5.Cloneproject5ApplicationTests] from class [org.springframework.boot.test.context.SpringBootTestContextBootstrapper]
17:26:10.897 [Test worker] INFO org.springframework.boot.test.context.SpringBootTestContextBootstrapper - Neither @ContextConfiguration nor @ContextHierarchy found for test class [com.hanghae99.cloneproject5.Cloneproject5ApplicationTests], using SpringBootContextLoader
17:26:10.901 [Test worker] DEBUG org.springframework.test.context.support.AbstractContextLoader - Did not detect default resource location for test class [com.hanghae99.cloneproject5.Cloneproject5ApplicationTests]: class path resource [com/hanghae99/cloneproject5/Cloneproject5ApplicationTests-context.xml] does not exist
17:26:10.901 [Test worker] DEBUG org.springframework.test.context.support.AbstractContextLoader - Did not detect default resource location for test class [com.hanghae99.cloneproject5.Cloneproject5ApplicationTests]: class path resource [com/hanghae99/cloneproject5/Cloneproject5ApplicationTestsContext.groovy] does not exist
17:26:10.902 [Test worker] INFO org.springframework.test.context.support.AbstractContextLoader - Could not detect default resource locations for test class [com.hanghae99.cloneproject5.Cloneproject5ApplicationTests]: no resource found for suffixes {-context.xml, Context.groovy}.
17:26:10.902 [Test worker] INFO org.springframework.test.context.support.AnnotationConfigContextLoaderUtils - Could not detect default configuration classes for test class [com.hanghae99.cloneproject5.Cloneproject5ApplicationTests]: Cloneproject5ApplicationTests does not declare any static, non-private, non-final, nested classes annotated with @Configuration.
17:26:10.931 [Test worker] DEBUG org.springframework.test.context.support.ActiveProfilesUtils - Could not find an 'annotation declaring class' for annotation type [org.springframework.test.context.ActiveProfiles] and class [com.hanghae99.cloneproject5.Cloneproject5ApplicationTests]
17:26:10.976 [Test worker] DEBUG org.springframework.context.annotation.ClassPathScanningCandidateComponentProvider - Identified candidate component class: file [C:\Users\user\IdeaProjects\cloneproject-5\build\classes\java\main\com\hanghae99\cloneproject5\Cloneproject5Application.class]
17:26:10.977 [Test worker] INFO org.springframework.boot.test.context.SpringBootTestContextBootstrapper - Found @SpringBootConfiguration com.hanghae99.cloneproject5.Cloneproject5Application for test class com.hanghae99.cloneproject5.Cloneproject5ApplicationTests
17:26:11.053 [Test worker] DEBUG org.springframework.boot.test.context.SpringBootTestContextBootstrapper - @TestExecutionListeners is not present for class [com.hanghae99.cloneproject5.Cloneproject5ApplicationTests]: using defaults.
17:26:11.054 [Test worker] INFO org.springframework.boot.test.context.SpringBootTestContextBootstrapper - Loaded default TestExecutionListener class names from location [META-INF/spring.factories]: [org.springframework.boot.test.autoconfigure.restdocs.RestDocsTestExecutionListener, org.springframework.boot.test.autoconfigure.web.client.MockRestServiceServerResetTestExecutionListener, org.springframework.boot.test.autoconfigure.web.servlet.MockMvcPrintOnlyOnFailureTestExecutionListener, org.springframework.boot.test.autoconfigure.web.servlet.WebDriverTestExecutionListener, org.springframework.boot.test.autoconfigure.webservices.client.MockWebServiceServerTestExecutionListener, org.springframework.boot.test.mock.mockito.MockitoTestExecutionListener, org.springframework.boot.test.mock.mockito.ResetMocksTestExecutionListener, org.springframework.test.context.web.ServletTestExecutionListener, org.springframework.test.context.support.DirtiesContextBeforeModesTestExecutionListener, org.springframework.test.context.event.ApplicationEventsTestExecutionListener, org.springframework.test.context.support.DependencyInjectionTestExecutionListener, org.springframework.test.context.support.DirtiesContextTestExecutionListener, org.springframework.test.context.transaction.TransactionalTestExecutionListener, org.springframework.test.context.jdbc.SqlScriptsTestExecutionListener, org.springframework.test.context.event.EventPublishingTestExecutionListener]
17:26:11.067 [Test worker] INFO org.springframework.boot.test.context.SpringBootTestContextBootstrapper - Using TestExecutionListeners: [org.springframework.test.context.web.ServletTestExecutionListener@4c1f22f3, org.springframework.test.context.support.DirtiesContextBeforeModesTestExecutionListener@598bd2ba, org.springframework.test.context.event.ApplicationEventsTestExecutionListener@5a755cc1, org.springframework.boot.test.mock.mockito.MockitoTestExecutionListener@7ae42ce3, org.springframework.boot.test.autoconfigure.SpringBootDependencyInjectionTestExecutionListener@4f5991f6, org.springframework.test.context.support.DirtiesContextTestExecutionListener@484094a5, org.springframework.test.context.transaction.TransactionalTestExecutionListener@38234a38, org.springframework.test.context.jdbc.SqlScriptsTestExecutionListener@63fbfaeb, org.springframework.test.context.event.EventPublishingTestExecutionListener@602e0143, org.springframework.boot.test.autoconfigure.restdocs.RestDocsTestExecutionListener@2c07545f, org.springframework.boot.test.autoconfigure.web.client.MockRestServiceServerResetTestExecutionListener@e57b96d, org.springframework.boot.test.autoconfigure.web.servlet.MockMvcPrintOnlyOnFailureTestExecutionListener@32c726ee, org.springframework.boot.test.autoconfigure.web.servlet.WebDriverTestExecutionListener@22f31dec, org.springframework.boot.test.autoconfigure.webservices.client.MockWebServiceServerTestExecutionListener@34c01041, org.springframework.boot.test.mock.mockito.ResetMocksTestExecutionListener@76f4b65]
17:26:11.070 [Test worker] DEBUG org.springframework.test.context.support.AbstractDirtiesContextTestExecutionListener - Before test class: context [DefaultTestContext@50d13246 testClass = Cloneproject5ApplicationTests, testInstance = [null], testMethod = [null], testException = [null], mergedContextConfiguration = [WebMergedContextConfiguration@2bd08376 testClass = Cloneproject5ApplicationTests, locations = '{}', classes = '{class com.hanghae99.cloneproject5.Cloneproject5Application}', contextInitializerClasses = '[]', activeProfiles = '{}', propertySourceLocations = '{}', propertySourceProperties = '{org.springframework.boot.test.context.SpringBootTestContextBootstrapper=true}', contextCustomizers = set[org.springframework.boot.test.autoconfigure.actuate.metrics.MetricsExportContextCustomizerFactory$DisableMetricExportContextCustomizer@4a83a74a, org.springframework.boot.test.autoconfigure.properties.PropertyMappingContextCustomizer@0, org.springframework.boot.test.autoconfigure.web.servlet.WebDriverContextCustomizerFactory$Customizer@33bc72d1, org.springframework.boot.test.context.filter.ExcludeFilterContextCustomizer@353352b6, org.springframework.boot.test.json.DuplicateJsonObjectContextCustomizerFactory$DuplicateJsonObjectContextCustomizer@2767e23c, org.springframework.boot.test.mock.mockito.MockitoContextCustomizer@0, org.springframework.boot.test.web.client.TestRestTemplateContextCustomizer@7188af83, org.springframework.boot.test.context.SpringBootTestArgs@1, org.springframework.boot.test.context.SpringBootTestWebEnvironment@56a6d5a6], resourceBasePath = 'src/main/webapp', contextLoader = 'org.springframework.boot.test.context.SpringBootContextLoader', parent = [null]], attributes = map['org.springframework.test.context.web.ServletTestExecutionListener.activateListener' -> true]], class annotated with @DirtiesContext [false] with mode [null].

  .   ____          _            __ _ _
 /\\ / ___'_ __ _ _(_)_ __  __ _ \ \ \ \
( ( )\___ | '_ | '_| | '_ \/ _` | \ \ \ \
 \\/  ___)| |_)| | | | | || (_| |  ) ) ) )
  '  |____| .__|_| |_|_| |_\__, | / / / /
 =========|_|==============|___/=/_/_/_/
 :: Spring Boot ::                (v2.7.0)

2022-06-21 17:26:11.293  INFO 26084 --- [    Test worker] c.h.c.Cloneproject5ApplicationTests      : Starting Cloneproject5ApplicationTests using Java 1.8.0_332 on DESKTOP-BL5AC5E with PID 26084 (started by user in C:\Users\user\IdeaProjects\cloneproject-5)
2022-06-21 17:26:11.295  INFO 26084 --- [    Test worker] c.h.c.Cloneproject5ApplicationTests      : No active profile set, falling back to 1 default profile: "default"
2022-06-21 17:26:11.727  INFO 26084 --- [    Test worker] .s.d.r.c.RepositoryConfigurationDelegate : Bootstrapping Spring Data JPA repositories in DEFAULT mode.
2022-06-21 17:26:11.788  INFO 26084 --- [    Test worker] .s.d.r.c.RepositoryConfigurationDelegate : Finished Spring Data repository scanning in 56 ms. Found 7 JPA repository interfaces.
2022-06-21 17:26:12.242  INFO 26084 --- [    Test worker] o.hibernate.jpa.internal.util.LogHelper  : HHH000204: Processing PersistenceUnitInfo [name: default]
2022-06-21 17:26:12.279  INFO 26084 --- [    Test worker] org.hibernate.Version                    : HHH000412: Hibernate ORM core version 5.6.9.Final
2022-06-21 17:26:12.412  INFO 26084 --- [    Test worker] o.hibernate.annotations.common.Version   : HCANN000001: Hibernate Commons Annotations {5.1.2.Final}
2022-06-21 17:26:12.491  INFO 26084 --- [    Test worker] com.zaxxer.hikari.HikariDataSource       : HikariPool-1 - Starting...
2022-06-21 17:26:12.816  INFO 26084 --- [    Test worker] com.zaxxer.hikari.HikariDataSource       : HikariPool-1 - Start completed.
2022-06-21 17:26:12.843  INFO 26084 --- [    Test worker] org.hibernate.dialect.Dialect            : HHH000400: Using dialect: org.hibernate.dialect.MySQL8Dialect
2022-06-21 17:26:13.529  INFO 26084 --- [    Test worker] o.h.e.t.j.p.i.JtaPlatformInitiator       : HHH000490: Using JtaPlatform implementation: [org.hibernate.engine.transaction.jta.platform.internal.NoJtaPlatform]
2022-06-21 17:26:13.537  INFO 26084 --- [    Test worker] j.LocalContainerEntityManagerFactoryBean : Initialized JPA EntityManagerFactory for persistence unit 'default'
2022-06-21 17:26:14.189  WARN 26084 --- [    Test worker] JpaBaseConfiguration$JpaWebConfiguration : spring.jpa.open-in-view is enabled by default. Therefore, database queries may be performed during view rendering. Explicitly configure spring.jpa.open-in-view to disable this warning
2022-06-21 17:26:14.606  INFO 26084 --- [    Test worker] c.h.c.Cloneproject5ApplicationTests      : Started Cloneproject5ApplicationTests in 3.511 seconds (JVM running for 4.286)
]]></system-out>
  <system-err><![CDATA[]]></system-err>
</testsuite>
